<?xml version="1.0" encoding="UTF-8"?>
<!-- Generated by org.testng.reporters.JUnitReportReporter -->
<testsuite hostname="GovindMaddala" failures="0" tests="1" name="com.ParaBank.testScripts.ForgetPageTest" time="4.442" errors="0" timestamp="2022-05-23T18:14:08 IST" skipped="0">
  <testcase classname="com.ParaBank.testScripts.ForgetPageTest" name="RetrieveLoginInfo" time="4.442"/>
  <system-out/>
</testsuite> <!-- com.ParaBank.testScripts.ForgetPageTest -->
